<?xml version="1.0" encoding="UTF-8"?>
<testsuite name="com.ciaran.SpringBootBoilerplate.SpringBootBoilerplateApplicationTests" tests="1" skipped="0" failures="0" errors="0" timestamp="2024-09-19T19:26:14" hostname="Ciarans-MacBook-Air.local" time="0.412">
  <properties/>
  <testcase name="contextLoads()" classname="com.ciaran.SpringBootBoilerplate.SpringBootBoilerplateApplicationTests" time="0.412"/>
  <system-out><![CDATA[20:26:14.185 [Test worker] INFO org.springframework.test.context.support.AnnotationConfigContextLoaderUtils -- Could not detect default configuration classes for test class [com.ciaran.SpringBootBoilerplate.SpringBootBoilerplateApplicationTests]: SpringBootBoilerplateApplicationTests does not declare any static, non-private, non-final, nested classes annotated with @Configuration.
20:26:14.221 [Test worker] INFO org.springframework.boot.test.context.SpringBootTestContextBootstrapper -- Found @SpringBootConfiguration com.ciaran.SpringBootBoilerplate.SpringBootBoilerplateApplication for test class com.ciaran.SpringBootBoilerplate.SpringBootBoilerplateApplicationTests

  .   ____          _            __ _ _
 /\\ / ___'_ __ _ _(_)_ __  __ _ \ \ \ \
( ( )\___ | '_ | '_| | '_ \/ _` | \ \ \ \
 \\/  ___)| |_)| | | | | || (_| |  ) ) ) )
  '  |____| .__|_| |_|_| |_\__, | / / / /
 =========|_|==============|___/=/_/_/_/

 :: Spring Boot ::                (v3.3.4)

2024-09-19T20:26:14.349+01:00  INFO 14552 --- [SpringBootBoilerplate] [    Test worker] .S.SpringBootBoilerplateApplicationTests : Starting SpringBootBoilerplateApplicationTests using Java 17.0.12 with PID 14552 (started by ciaranchaney in /Users/ciaranchaney/Code/IdeaProjects/SpringBootBoilerplate)
2024-09-19T20:26:14.349+01:00  INFO 14552 --- [SpringBootBoilerplate] [    Test worker] .S.SpringBootBoilerplateApplicationTests : No active profile set, falling back to 1 default profile: "default"
2024-09-19T20:26:14.706+01:00  INFO 14552 --- [SpringBootBoilerplate] [    Test worker] .S.SpringBootBoilerplateApplicationTests : Started SpringBootBoilerplateApplicationTests in 0.44 seconds (process running for 0.824)
]]></system-out>
  <system-err><![CDATA[]]></system-err>
</testsuite>
